# JRE version: Java(TM) SE Runtime Environment (8.0_121-b13) (build 1.8.0_121-b13)
# Java VM: Java HotSpot(TM) Client VM (25.121-b13 mixed mode windows-x86 )
Heap:
 par new generation   total 314560K, used 5156K [0x04c00000, 0x1a150000, 0x1a150000)
  eden space 279616K,   1% used [0x04c00000, 0x05109330, 0x15d10000)
  from space 34944K,   0% used [0x17f30000, 0x17f30000, 0x1a150000)
  to   space 34944K,   0% used [0x15d10000, 0x15d10000, 0x17f30000)
 concurrent mark-sweep generation total 699072K, used 204573K [0x1a150000, 0x44c00000, 0x44c00000)
 Metaspace       used 22824K, capacity 23063K, committed 23168K, reserved 23936K
GC Heap History (10 events):
Event: 50.318 GC heap before
{Heap before GC invocations=17 (full 11):
 par new generation   total 314560K, used 300790K [0x04c00000, 0x1a150000, 0x1a150000)
  eden space 279616K, 100% used [0x04c00000, 0x15d10000, 0x15d10000)
  from space 34944K,  60% used [0x17f30000, 0x193ddb40, 0x1a150000)
  to   space 34944K,   0% used [0x15d10000, 0x15d10000, 0x17f30000)
 concurrent mark-sweep generation total 699072K, used 201545K [0x1a150000, 0x44c00000, 0x44c00000)
 Metaspace       used 22797K, capacity 23031K, committed 23168K, reserved 23936K
Event: 50.323 GC heap after
Heap after GC invocations=18 (full 11):
 par new generation   total 314560K, used 33579K [0x04c00000, 0x1a150000, 0x1a150000)
  eden space 279616K,   0% used [0x04c00000, 0x04c00000, 0x15d10000)
  from space 34944K,  96% used [0x15d10000, 0x17ddaf78, 0x17f30000)
  to   space 34944K,   0% used [0x17f30000, 0x17f30000, 0x1a150000)
 concurrent mark-sweep generation total 699072K, used 201545K [0x1a150000, 0x44c00000, 0x44c00000)
 Metaspace       used 22797K, capacity 23031K, committed 23168K, reserved 23936K
}
Event: 60.083 GC heap before
{Heap before GC invocations=18 (full 11):
 par new generation   total 314560K, used 313195K [0x04c00000, 0x1a150000, 0x1a150000)
  eden space 279616K, 100% used [0x04c00000, 0x15d10000, 0x15d10000)
  from space 34944K,  96% used [0x15d10000, 0x17ddaf78, 0x17f30000)
  to   space 34944K,   0% used [0x17f30000, 0x17f30000, 0x1a150000)
 concurrent mark-sweep generation total 699072K, used 201545K [0x1a150000, 0x44c00000, 0x44c00000)
 Metaspace       used 22800K, capacity 23031K, committed 23168K, reserved 23936K
Event: 60.093 GC heap after
Heap after GC invocations=19 (full 11):
 par new generation   total 314560K, used 32678K [0x04c00000, 0x1a150000, 0x1a150000)
  eden space 279616K,   0% used [0x04c00000, 0x04c00000, 0x15d10000)
  from space 34944K,  93% used [0x17f30000, 0x19f19bc0, 0x1a150000)
  to   space 34944K,   0% used [0x15d10000, 0x15d10000, 0x17f30000)
 concurrent mark-sweep generation total 699072K, used 213520K [0x1a150000, 0x44c00000, 0x44c00000)
 Metaspace       used 22800K, capacity 23031K, committed 23168K, reserved 23936K
}
Event: 66.472 GC heap before
{Heap before GC invocations=19 (full 11):
 par new generation   total 314560K, used 312294K [0x04c00000, 0x1a150000, 0x1a150000)
  eden space 279616K, 100% used [0x04c00000, 0x15d10000, 0x15d10000)
  from space 34944K,  93% used [0x17f30000, 0x19f19bc0, 0x1a150000)
  to   space 34944K,   0% used [0x15d10000, 0x15d10000, 0x17f30000)
 concurrent mark-sweep generation total 699072K, used 188300K [0x1a150000, 0x44c00000, 0x44c00000)
 Metaspace       used 22802K, capacity 23031K, committed 23168K, reserved 23936K
Event: 66.478 GC heap after
Heap after GC invocations=20 (full 11):
 par new generation   total 314560K, used 34944K [0x04c00000, 0x1a150000, 0x1a150000)
  eden space 279616K,   0% used [0x04c00000, 0x04c00000, 0x15d10000)
  from space 34944K, 100% used [0x15d10000, 0x17f30000, 0x17f30000)
  to   space 34944K,   0% used [0x17f30000, 0x17f30000, 0x1a150000)
 concurrent mark-sweep generation total 699072K, used 195575K [0x1a150000, 0x44c00000, 0x44c00000)
 Metaspace       used 22802K, capacity 23031K, committed 23168K, reserved 23936K
}
Event: 73.923 GC heap before
{Heap before GC invocations=20 (full 12):
 par new generation   total 314560K, used 314560K [0x04c00000, 0x1a150000, 0x1a150000)
  eden space 279616K, 100% used [0x04c00000, 0x15d10000, 0x15d10000)
  from space 34944K, 100% used [0x15d10000, 0x17f30000, 0x17f30000)
  to   space 34944K,   0% used [0x17f30000, 0x17f30000, 0x1a150000)
 concurrent mark-sweep generation total 699072K, used 195575K [0x1a150000, 0x44c00000, 0x44c00000)
 Metaspace       used 22803K, capacity 23031K, committed 23168K, reserved 23936K
Event: 73.930 GC heap after
Heap after GC invocations=21 (full 12):
 par new generation   total 314560K, used 28737K [0x04c00000, 0x1a150000, 0x1a150000)
  eden space 279616K,   0% used [0x04c00000, 0x04c00000, 0x15d10000)
  from space 34944K,  82% used [0x17f30000, 0x19b40738, 0x1a150000)
  to   space 34944K,   0% used [0x15d10000, 0x15d10000, 0x17f30000)
 concurrent mark-sweep generation total 699072K, used 206141K [0x1a150000, 0x44c00000, 0x44c00000)
 Metaspace       used 22803K, capacity 23031K, committed 23168K, reserved 23936K
}
Event: 84.818 GC heap before
{Heap before GC invocations=21 (full 12):
 par new generation   total 314560K, used 257899K [0x04c00000, 0x1a150000, 0x1a150000)
  eden space 279616K,  81% used [0x04c00000, 0x12bca878, 0x15d10000)
  from space 34944K,  82% used [0x17f30000, 0x19b40738, 0x1a150000)
  to   space 34944K,   0% used [0x15d10000, 0x15d10000, 0x17f30000)
 concurrent mark-sweep generation total 699072K, used 206141K [0x1a150000, 0x44c00000, 0x44c00000)
 Metaspace       used 22820K, capacity 23031K, committed 23168K, reserved 23936K
Event: 84.992 GC heap after
Heap after GC invocations=22 (full 13):
 par new generation   total 314560K, used 0K [0x04c00000, 0x1a150000, 0x1a150000)
  eden space 279616K,   0% used [0x04c00000, 0x04c00000, 0x15d10000)
  from space 34944K,   0% used [0x17f30000, 0x17f30000, 0x1a150000)
  to   space 34944K,   0% used [0x15d10000, 0x15d10000, 0x17f30000)
 concurrent mark-sweep generation total 699072K, used 204573K [0x1a150000, 0x44c00000, 0x44c00000)
 Metaspace       used 22820K, capacity 23031K, committed 23168K, reserved 23936K
}

