# JRE version: Java(TM) SE Runtime Environment (8.0_112-b15) (build 1.8.0_112-b15)
# Java VM: Java HotSpot(TM) Client VM (25.112-b15 mixed mode windows-x86 )
Heap:
 par new generation   total 235968K, used 195838K [0x04800000, 0x14800000, 0x14800000)
  eden space 209792K,  85% used [0x04800000, 0x0f6f80b0, 0x114e0000)
  from space 26176K,  63% used [0x114e0000, 0x12527990, 0x12e70000)
  to   space 26176K,   0% used [0x12e70000, 0x12e70000, 0x14800000)
 concurrent mark-sweep generation total 786432K, used 128793K [0x14800000, 0x44800000, 0x44800000)
 Metaspace       used 22771K, capacity 23004K, committed 23040K, reserved 23936K
GC Heap History (10 events):
Event: 96.948 GC heap before
{Heap before GC invocations=17 (full 11):
 par new generation   total 235968K, used 223218K [0x04800000, 0x14800000, 0x14800000)
  eden space 209792K, 100% used [0x04800000, 0x114e0000, 0x114e0000)
  from space 26176K,  51% used [0x12e70000, 0x13b8c830, 0x14800000)
  to   space 26176K,   0% used [0x114e0000, 0x114e0000, 0x12e70000)
 concurrent mark-sweep generation total 786432K, used 124999K [0x14800000, 0x44800000, 0x44800000)
 Metaspace       used 22679K, capacity 22903K, committed 23040K, reserved 23936K
Event: 96.953 GC heap after
Heap after GC invocations=18 (full 11):
 par new generation   total 235968K, used 18375K [0x04800000, 0x14800000, 0x14800000)
  eden space 209792K,   0% used [0x04800000, 0x04800000, 0x114e0000)
  from space 26176K,  70% used [0x114e0000, 0x126d1d48, 0x12e70000)
  to   space 26176K,   0% used [0x12e70000, 0x12e70000, 0x14800000)
 concurrent mark-sweep generation total 786432K, used 124999K [0x14800000, 0x44800000, 0x44800000)
 Metaspace       used 22679K, capacity 22903K, committed 23040K, reserved 23936K
}
Event: 110.375 GC heap before
{Heap before GC invocations=18 (full 11):
 par new generation   total 235968K, used 228167K [0x04800000, 0x14800000, 0x14800000)
  eden space 209792K, 100% used [0x04800000, 0x114e0000, 0x114e0000)
  from space 26176K,  70% used [0x114e0000, 0x126d1d48, 0x12e70000)
  to   space 26176K,   0% used [0x12e70000, 0x12e70000, 0x14800000)
 concurrent mark-sweep generation total 786432K, used 122528K [0x14800000, 0x44800000, 0x44800000)
 Metaspace       used 22699K, capacity 22903K, committed 23040K, reserved 23936K
Event: 110.390 GC heap after
Heap after GC invocations=19 (full 11):
 par new generation   total 235968K, used 19550K [0x04800000, 0x14800000, 0x14800000)
  eden space 209792K,   0% used [0x04800000, 0x04800000, 0x114e0000)
  from space 26176K,  74% used [0x12e70000, 0x141878a0, 0x14800000)
  to   space 26176K,   0% used [0x114e0000, 0x114e0000, 0x12e70000)
 concurrent mark-sweep generation total 786432K, used 129631K [0x14800000, 0x44800000, 0x44800000)
 Metaspace       used 22699K, capacity 22903K, committed 23040K, reserved 23936K
}
Event: 130.991 GC heap before
{Heap before GC invocations=19 (full 12):
 par new generation   total 235968K, used 229342K [0x04800000, 0x14800000, 0x14800000)
  eden space 209792K, 100% used [0x04800000, 0x114e0000, 0x114e0000)
  from space 26176K,  74% used [0x12e70000, 0x141878a0, 0x14800000)
  to   space 26176K,   0% used [0x114e0000, 0x114e0000, 0x12e70000)
 concurrent mark-sweep generation total 786432K, used 129631K [0x14800000, 0x44800000, 0x44800000)
 Metaspace       used 22753K, capacity 23001K, committed 23040K, reserved 23936K
Event: 130.997 GC heap after
Heap after GC invocations=20 (full 12):
 par new generation   total 235968K, used 10592K [0x04800000, 0x14800000, 0x14800000)
  eden space 209792K,   0% used [0x04800000, 0x04800000, 0x114e0000)
  from space 26176K,  40% used [0x114e0000, 0x11f38228, 0x12e70000)
  to   space 26176K,   0% used [0x12e70000, 0x12e70000, 0x14800000)
 concurrent mark-sweep generation total 786432K, used 129631K [0x14800000, 0x44800000, 0x44800000)
 Metaspace       used 22753K, capacity 23001K, committed 23040K, reserved 23936K
}
Event: 142.134 GC heap before
{Heap before GC invocations=20 (full 12):
 par new generation   total 235968K, used 220384K [0x04800000, 0x14800000, 0x14800000)
  eden space 209792K, 100% used [0x04800000, 0x114e0000, 0x114e0000)
  from space 26176K,  40% used [0x114e0000, 0x11f38228, 0x12e70000)
  to   space 26176K,   0% used [0x12e70000, 0x12e70000, 0x14800000)
 concurrent mark-sweep generation total 786432K, used 129631K [0x14800000, 0x44800000, 0x44800000)
 Metaspace       used 22754K, capacity 23001K, committed 23040K, reserved 23936K
Event: 142.140 GC heap after
Heap after GC invocations=21 (full 12):
 par new generation   total 235968K, used 13588K [0x04800000, 0x14800000, 0x14800000)
  eden space 209792K,   0% used [0x04800000, 0x04800000, 0x114e0000)
  from space 26176K,  51% used [0x12e70000, 0x13bb5178, 0x14800000)
  to   space 26176K,   0% used [0x114e0000, 0x114e0000, 0x12e70000)
 concurrent mark-sweep generation total 786432K, used 129631K [0x14800000, 0x44800000, 0x44800000)
 Metaspace       used 22754K, capacity 23001K, committed 23040K, reserved 23936K
}
Event: 158.172 GC heap before
{Heap before GC invocations=21 (full 12):
 par new generation   total 235968K, used 223380K [0x04800000, 0x14800000, 0x14800000)
  eden space 209792K, 100% used [0x04800000, 0x114e0000, 0x114e0000)
  from space 26176K,  51% used [0x12e70000, 0x13bb5178, 0x14800000)
  to   space 26176K,   0% used [0x114e0000, 0x114e0000, 0x12e70000)
 concurrent mark-sweep generation total 786432K, used 128793K [0x14800000, 0x44800000, 0x44800000)
 Metaspace       used 22768K, capacity 23001K, committed 23040K, reserved 23936K
Event: 158.178 GC heap after
Heap after GC invocations=22 (full 12):
 par new generation   total 235968K, used 16670K [0x04800000, 0x14800000, 0x14800000)
  eden space 209792K,   0% used [0x04800000, 0x04800000, 0x114e0000)
  from space 26176K,  63% used [0x114e0000, 0x12527990, 0x12e70000)
  to   space 26176K,   0% used [0x12e70000, 0x12e70000, 0x14800000)
 concurrent mark-sweep generation total 786432K, used 128793K [0x14800000, 0x44800000, 0x44800000)
 Metaspace       used 22768K, capacity 23001K, committed 23040K, reserved 23936K
}

