# JRE version: Java(TM) SE Runtime Environment (8.0_121-b13) (build 1.8.0_121-b13)
# Java VM: Java HotSpot(TM) Client VM (25.121-b13 mixed mode windows-x86 )
Heap:
 par new generation   total 314560K, used 80019K [0x04800000, 0x19d50000, 0x19d50000)
  eden space 279616K,  16% used [0x04800000, 0x07404ea0, 0x15910000)
  from space 34944K, 100% used [0x17b30000, 0x19d50000, 0x19d50000)
  to   space 34944K,   0% used [0x15910000, 0x15910000, 0x17b30000)
 concurrent mark-sweep generation total 699072K, used 192767K [0x19d50000, 0x44800000, 0x44800000)
 Metaspace       used 23286K, capacity 23531K, committed 23680K, reserved 23936K
GC Heap History (10 events):
Event: 24.928 GC heap before
{Heap before GC invocations=13 (full 9):
 par new generation   total 314560K, used 216917K [0x04800000, 0x19d50000, 0x19d50000)
  eden space 279616K,  77% used [0x04800000, 0x11bd5558, 0x15910000)
  from space 34944K,   0% used [0x15910000, 0x15910000, 0x17b30000)
  to   space 34944K,   0% used [0x17b30000, 0x17b30000, 0x19d50000)
 concurrent mark-sweep generation total 699072K, used 62688K [0x19d50000, 0x44800000, 0x44800000)
 Metaspace       used 20918K, capacity 21107K, committed 21248K, reserved 21888K
Event: 24.942 GC heap after
Heap after GC invocations=14 (full 9):
 par new generation   total 314560K, used 34944K [0x04800000, 0x19d50000, 0x19d50000)
  eden space 279616K,   0% used [0x04800000, 0x04800000, 0x15910000)
  from space 34944K, 100% used [0x17b30000, 0x19d50000, 0x19d50000)
  to   space 34944K,   0% used [0x15910000, 0x15910000, 0x17b30000)
 concurrent mark-sweep generation total 699072K, used 83900K [0x19d50000, 0x44800000, 0x44800000)
 Metaspace       used 20918K, capacity 21107K, committed 21248K, reserved 21888K
}
Event: 27.254 GC heap before
{Heap before GC invocations=14 (full 10):
 par new generation   total 314560K, used 313742K [0x04800000, 0x19d50000, 0x19d50000)
  eden space 279616K,  99% used [0x04800000, 0x15843848, 0x15910000)
  from space 34944K, 100% used [0x17b30000, 0x19d50000, 0x19d50000)
  to   space 34944K,   0% used [0x15910000, 0x15910000, 0x17b30000)
 concurrent mark-sweep generation total 699072K, used 83900K [0x19d50000, 0x44800000, 0x44800000)
 Metaspace       used 23227K, capacity 23464K, committed 23552K, reserved 23936K
Event: 27.272 GC heap after
Heap after GC invocations=15 (full 10):
 par new generation   total 314560K, used 34944K [0x04800000, 0x19d50000, 0x19d50000)
  eden space 279616K,   0% used [0x04800000, 0x04800000, 0x15910000)
  from space 34944K, 100% used [0x15910000, 0x17b30000, 0x17b30000)
  to   space 34944K,   0% used [0x17b30000, 0x17b30000, 0x19d50000)
 concurrent mark-sweep generation total 699072K, used 121982K [0x19d50000, 0x44800000, 0x44800000)
 Metaspace       used 23227K, capacity 23464K, committed 23552K, reserved 23936K
}
Event: 32.472 GC heap before
{Heap before GC invocations=15 (full 10):
 par new generation   total 314560K, used 314560K [0x04800000, 0x19d50000, 0x19d50000)
  eden space 279616K, 100% used [0x04800000, 0x15910000, 0x15910000)
  from space 34944K, 100% used [0x15910000, 0x17b30000, 0x17b30000)
  to   space 34944K,   0% used [0x17b30000, 0x17b30000, 0x19d50000)
 concurrent mark-sweep generation total 699072K, used 120792K [0x19d50000, 0x44800000, 0x44800000)
 Metaspace       used 23272K, capacity 23499K, committed 23680K, reserved 23936K
Event: 32.492 GC heap after
Heap after GC invocations=16 (full 10):
 par new generation   total 314560K, used 34944K [0x04800000, 0x19d50000, 0x19d50000)
  eden space 279616K,   0% used [0x04800000, 0x04800000, 0x15910000)
  from space 34944K, 100% used [0x17b30000, 0x19d50000, 0x19d50000)
  to   space 34944K,   0% used [0x15910000, 0x15910000, 0x17b30000)
 concurrent mark-sweep generation total 699072K, used 148523K [0x19d50000, 0x44800000, 0x44800000)
 Metaspace       used 23272K, capacity 23499K, committed 23680K, reserved 23936K
}
Event: 37.541 GC heap before
{Heap before GC invocations=16 (full 11):
 par new generation   total 314560K, used 304178K [0x04800000, 0x19d50000, 0x19d50000)
  eden space 279616K,  96% used [0x04800000, 0x14eecbb8, 0x15910000)
  from space 34944K, 100% used [0x17b30000, 0x19d50000, 0x19d50000)
  to   space 34944K,   0% used [0x15910000, 0x15910000, 0x17b30000)
 concurrent mark-sweep generation total 699072K, used 148523K [0x19d50000, 0x44800000, 0x44800000)
 Metaspace       used 23282K, capacity 23531K, committed 23680K, reserved 23936K
Event: 37.560 GC heap after
Heap after GC invocations=17 (full 11):
 par new generation   total 314560K, used 34944K [0x04800000, 0x19d50000, 0x19d50000)
  eden space 279616K,   0% used [0x04800000, 0x04800000, 0x15910000)
  from space 34944K, 100% used [0x15910000, 0x17b30000, 0x17b30000)
  to   space 34944K,   0% used [0x17b30000, 0x17b30000, 0x19d50000)
 concurrent mark-sweep generation total 699072K, used 178347K [0x19d50000, 0x44800000, 0x44800000)
 Metaspace       used 23282K, capacity 23531K, committed 23680K, reserved 23936K
}
Event: 44.028 GC heap before
{Heap before GC invocations=17 (full 11):
 par new generation   total 314560K, used 314560K [0x04800000, 0x19d50000, 0x19d50000)
  eden space 279616K, 100% used [0x04800000, 0x15910000, 0x15910000)
  from space 34944K, 100% used [0x15910000, 0x17b30000, 0x17b30000)
  to   space 34944K,   0% used [0x17b30000, 0x17b30000, 0x19d50000)
 concurrent mark-sweep generation total 699072K, used 173191K [0x19d50000, 0x44800000, 0x44800000)
 Metaspace       used 23286K, capacity 23531K, committed 23680K, reserved 23936K
Event: 44.042 GC heap after
Heap after GC invocations=18 (full 11):
 par new generation   total 314560K, used 34944K [0x04800000, 0x19d50000, 0x19d50000)
  eden space 279616K,   0% used [0x04800000, 0x04800000, 0x15910000)
  from space 34944K, 100% used [0x17b30000, 0x19d50000, 0x19d50000)
  to   space 34944K,   0% used [0x15910000, 0x15910000, 0x17b30000)
 concurrent mark-sweep generation total 699072K, used 192767K [0x19d50000, 0x44800000, 0x44800000)
 Metaspace       used 23286K, capacity 23531K, committed 23680K, reserved 23936K
}

