# JRE version: Java(TM) SE Runtime Environment (8.0_112-b15) (build 1.8.0_112-b15)
# Java VM: Java HotSpot(TM) Client VM (25.112-b15 mixed mode windows-x86 )
Heap:
 par new generation   total 235968K, used 109963K [0x04800000, 0x14800000, 0x14800000)
  eden space 209792K,  42% used [0x04800000, 0x09e38888, 0x114e0000)
  from space 26176K,  82% used [0x12e70000, 0x1439a620, 0x14800000)
  to   space 26176K,   0% used [0x114e0000, 0x114e0000, 0x12e70000)
 concurrent mark-sweep generation total 786432K, used 128092K [0x14800000, 0x44800000, 0x44800000)
 Metaspace       used 22797K, capacity 23043K, committed 23168K, reserved 23936K
GC Heap History (10 events):
Event: 361.586 GC heap before
{Heap before GC invocations=32 (full 15):
 par new generation   total 235968K, used 229627K [0x04800000, 0x14800000, 0x14800000)
  eden space 209792K, 100% used [0x04800000, 0x114e0000, 0x114e0000)
  from space 26176K,  75% used [0x114e0000, 0x1283ef50, 0x12e70000)
  to   space 26176K,   0% used [0x12e70000, 0x12e70000, 0x14800000)
 concurrent mark-sweep generation total 786432K, used 118923K [0x14800000, 0x44800000, 0x44800000)
 Metaspace       used 22714K, capacity 22915K, committed 23040K, reserved 23936K
Event: 361.593 GC heap after
Heap after GC invocations=33 (full 15):
 par new generation   total 235968K, used 23070K [0x04800000, 0x14800000, 0x14800000)
  eden space 209792K,   0% used [0x04800000, 0x04800000, 0x114e0000)
  from space 26176K,  88% used [0x12e70000, 0x144f7820, 0x14800000)
  to   space 26176K,   0% used [0x114e0000, 0x114e0000, 0x12e70000)
 concurrent mark-sweep generation total 786432K, used 123533K [0x14800000, 0x44800000, 0x44800000)
 Metaspace       used 22714K, capacity 22915K, committed 23040K, reserved 23936K
}
Event: 373.335 GC heap before
{Heap before GC invocations=33 (full 15):
 par new generation   total 235968K, used 232862K [0x04800000, 0x14800000, 0x14800000)
  eden space 209792K, 100% used [0x04800000, 0x114e0000, 0x114e0000)
  from space 26176K,  88% used [0x12e70000, 0x144f7820, 0x14800000)
  to   space 26176K,   0% used [0x114e0000, 0x114e0000, 0x12e70000)
 concurrent mark-sweep generation total 786432K, used 123533K [0x14800000, 0x44800000, 0x44800000)
 Metaspace       used 22714K, capacity 22915K, committed 23040K, reserved 23936K
Event: 373.342 GC heap after
Heap after GC invocations=34 (full 15):
 par new generation   total 235968K, used 19103K [0x04800000, 0x14800000, 0x14800000)
  eden space 209792K,   0% used [0x04800000, 0x04800000, 0x114e0000)
  from space 26176K,  72% used [0x114e0000, 0x12787e90, 0x12e70000)
  to   space 26176K,   0% used [0x12e70000, 0x12e70000, 0x14800000)
 concurrent mark-sweep generation total 786432K, used 128092K [0x14800000, 0x44800000, 0x44800000)
 Metaspace       used 22714K, capacity 22915K, committed 23040K, reserved 23936K
}
Event: 384.424 GC heap before
{Heap before GC invocations=34 (full 15):
 par new generation   total 235968K, used 228895K [0x04800000, 0x14800000, 0x14800000)
  eden space 209792K, 100% used [0x04800000, 0x114e0000, 0x114e0000)
  from space 26176K,  72% used [0x114e0000, 0x12787e90, 0x12e70000)
  to   space 26176K,   0% used [0x12e70000, 0x12e70000, 0x14800000)
 concurrent mark-sweep generation total 786432K, used 128092K [0x14800000, 0x44800000, 0x44800000)
 Metaspace       used 22714K, capacity 22915K, committed 23040K, reserved 23936K
Event: 384.429 GC heap after
Heap after GC invocations=35 (full 15):
 par new generation   total 235968K, used 16285K [0x04800000, 0x14800000, 0x14800000)
  eden space 209792K,   0% used [0x04800000, 0x04800000, 0x114e0000)
  from space 26176K,  62% used [0x12e70000, 0x13e576e8, 0x14800000)
  to   space 26176K,   0% used [0x114e0000, 0x114e0000, 0x12e70000)
 concurrent mark-sweep generation total 786432K, used 128092K [0x14800000, 0x44800000, 0x44800000)
 Metaspace       used 22714K, capacity 22915K, committed 23040K, reserved 23936K
}
Event: 394.595 GC heap before
{Heap before GC invocations=35 (full 15):
 par new generation   total 235968K, used 226077K [0x04800000, 0x14800000, 0x14800000)
  eden space 209792K, 100% used [0x04800000, 0x114e0000, 0x114e0000)
  from space 26176K,  62% used [0x12e70000, 0x13e576e8, 0x14800000)
  to   space 26176K,   0% used [0x114e0000, 0x114e0000, 0x12e70000)
 concurrent mark-sweep generation total 786432K, used 128092K [0x14800000, 0x44800000, 0x44800000)
 Metaspace       used 22795K, capacity 23043K, committed 23168K, reserved 23936K
Event: 394.600 GC heap after
Heap after GC invocations=36 (full 15):
 par new generation   total 235968K, used 16172K [0x04800000, 0x14800000, 0x14800000)
  eden space 209792K,   0% used [0x04800000, 0x04800000, 0x114e0000)
  from space 26176K,  61% used [0x114e0000, 0x124ab268, 0x12e70000)
  to   space 26176K,   0% used [0x12e70000, 0x12e70000, 0x14800000)
 concurrent mark-sweep generation total 786432K, used 128092K [0x14800000, 0x44800000, 0x44800000)
 Metaspace       used 22795K, capacity 23043K, committed 23168K, reserved 23936K
}
Event: 407.508 GC heap before
{Heap before GC invocations=36 (full 15):
 par new generation   total 235968K, used 211794K [0x04800000, 0x14800000, 0x14800000)
  eden space 209792K,  93% used [0x04800000, 0x10709888, 0x114e0000)
  from space 26176K,  61% used [0x114e0000, 0x124ab268, 0x12e70000)
  to   space 26176K,   0% used [0x12e70000, 0x12e70000, 0x14800000)
 concurrent mark-sweep generation total 786432K, used 128092K [0x14800000, 0x44800000, 0x44800000)
 Metaspace       used 22797K, capacity 23043K, committed 23168K, reserved 23936K
Event: 407.514 GC heap after
Heap after GC invocations=37 (full 15):
 par new generation   total 235968K, used 21673K [0x04800000, 0x14800000, 0x14800000)
  eden space 209792K,   0% used [0x04800000, 0x04800000, 0x114e0000)
  from space 26176K,  82% used [0x12e70000, 0x1439a620, 0x14800000)
  to   space 26176K,   0% used [0x114e0000, 0x114e0000, 0x12e70000)
 concurrent mark-sweep generation total 786432K, used 128092K [0x14800000, 0x44800000, 0x44800000)
 Metaspace       used 22797K, capacity 23043K, committed 23168K, reserved 23936K
}

