# JRE version: Java(TM) SE Runtime Environment (8.0_112-b15) (build 1.8.0_112-b15)
# Java VM: Java HotSpot(TM) Client VM (25.112-b15 mixed mode windows-x86 )
Heap:
 par new generation   total 235968K, used 72768K [0x04800000, 0x14800000, 0x14800000)
  eden space 209792K,  24% used [0x04800000, 0x07ae2a88, 0x114e0000)
  from space 26176K,  78% used [0x12e70000, 0x1429d8d8, 0x14800000)
  to   space 26176K,   0% used [0x114e0000, 0x114e0000, 0x12e70000)
 concurrent mark-sweep generation total 786432K, used 117263K [0x14800000, 0x44800000, 0x44800000)
 Metaspace       used 22789K, capacity 23014K, committed 23168K, reserved 23936K
GC Heap History (10 events):
Event: 54.858 GC heap before
{Heap before GC invocations=18 (full 13):
 par new generation   total 235968K, used 235968K [0x04800000, 0x14800000, 0x14800000)
  eden space 209792K, 100% used [0x04800000, 0x114e0000, 0x114e0000)
  from space 26176K, 100% used [0x114e0000, 0x12e70000, 0x12e70000)
  to   space 26176K,   0% used [0x12e70000, 0x12e70000, 0x14800000)
 concurrent mark-sweep generation total 786432K, used 118172K [0x14800000, 0x44800000, 0x44800000)
 Metaspace       used 22763K, capacity 23009K, committed 23168K, reserved 23936K
Event: 54.880 GC heap after
Heap after GC invocations=19 (full 13):
 par new generation   total 235968K, used 20026K [0x04800000, 0x14800000, 0x14800000)
  eden space 209792K,   0% used [0x04800000, 0x04800000, 0x114e0000)
  from space 26176K,  76% used [0x12e70000, 0x141fe9e8, 0x14800000)
  to   space 26176K,   0% used [0x114e0000, 0x114e0000, 0x12e70000)
 concurrent mark-sweep generation total 786432K, used 139646K [0x14800000, 0x44800000, 0x44800000)
 Metaspace       used 22763K, capacity 23009K, committed 23168K, reserved 23936K
}
Event: 61.464 GC heap before
{Heap before GC invocations=19 (full 14):
 par new generation   total 235968K, used 229818K [0x04800000, 0x14800000, 0x14800000)
  eden space 209792K, 100% used [0x04800000, 0x114e0000, 0x114e0000)
  from space 26176K,  76% used [0x12e70000, 0x141fe9e8, 0x14800000)
  to   space 26176K,   0% used [0x114e0000, 0x114e0000, 0x12e70000)
 concurrent mark-sweep generation total 786432K, used 139646K [0x14800000, 0x44800000, 0x44800000)
 Metaspace       used 22775K, capacity 23009K, committed 23168K, reserved 23936K
Event: 61.470 GC heap after
Heap after GC invocations=20 (full 14):
 par new generation   total 235968K, used 16810K [0x04800000, 0x14800000, 0x14800000)
  eden space 209792K,   0% used [0x04800000, 0x04800000, 0x114e0000)
  from space 26176K,  64% used [0x114e0000, 0x1254ab98, 0x12e70000)
  to   space 26176K,   0% used [0x12e70000, 0x12e70000, 0x14800000)
 concurrent mark-sweep generation total 786432K, used 139646K [0x14800000, 0x44800000, 0x44800000)
 Metaspace       used 22775K, capacity 23009K, committed 23168K, reserved 23936K
}
Event: 68.318 GC heap before
{Heap before GC invocations=20 (full 14):
 par new generation   total 235968K, used 226549K [0x04800000, 0x14800000, 0x14800000)
  eden space 209792K,  99% used [0x04800000, 0x114d2978, 0x114e0000)
  from space 26176K,  64% used [0x114e0000, 0x1254ab98, 0x12e70000)
  to   space 26176K,   0% used [0x12e70000, 0x12e70000, 0x14800000)
 concurrent mark-sweep generation total 786432K, used 139646K [0x14800000, 0x44800000, 0x44800000)
 Metaspace       used 22777K, capacity 23011K, committed 23168K, reserved 23936K
Event: 68.326 GC heap after
Heap after GC invocations=21 (full 14):
 par new generation   total 235968K, used 20606K [0x04800000, 0x14800000, 0x14800000)
  eden space 209792K,   0% used [0x04800000, 0x04800000, 0x114e0000)
  from space 26176K,  78% used [0x12e70000, 0x1428f9e0, 0x14800000)
  to   space 26176K,   0% used [0x114e0000, 0x114e0000, 0x12e70000)
 concurrent mark-sweep generation total 786432K, used 143910K [0x14800000, 0x44800000, 0x44800000)
 Metaspace       used 22777K, capacity 23011K, committed 23168K, reserved 23936K
}
Event: 73.591 GC heap before
{Heap before GC invocations=21 (full 14):
 par new generation   total 235968K, used 223832K [0x04800000, 0x14800000, 0x14800000)
  eden space 209792K,  96% used [0x04800000, 0x10e76a00, 0x114e0000)
  from space 26176K,  78% used [0x12e70000, 0x1428f9e0, 0x14800000)
  to   space 26176K,   0% used [0x114e0000, 0x114e0000, 0x12e70000)
 concurrent mark-sweep generation total 786432K, used 110560K [0x14800000, 0x44800000, 0x44800000)
 Metaspace       used 22782K, capacity 23014K, committed 23168K, reserved 23936K
Event: 73.597 GC heap after
Heap after GC invocations=22 (full 14):
 par new generation   total 235968K, used 20172K [0x04800000, 0x14800000, 0x14800000)
  eden space 209792K,   0% used [0x04800000, 0x04800000, 0x114e0000)
  from space 26176K,  77% used [0x114e0000, 0x128932e0, 0x12e70000)
  to   space 26176K,   0% used [0x12e70000, 0x12e70000, 0x14800000)
 concurrent mark-sweep generation total 786432K, used 110560K [0x14800000, 0x44800000, 0x44800000)
 Metaspace       used 22782K, capacity 23014K, committed 23168K, reserved 23936K
}
Event: 76.327 GC heap before
{Heap before GC invocations=22 (full 15):
 par new generation   total 235968K, used 229937K [0x04800000, 0x14800000, 0x14800000)
  eden space 209792K,  99% used [0x04800000, 0x114d9260, 0x114e0000)
  from space 26176K,  77% used [0x114e0000, 0x128932e0, 0x12e70000)
  to   space 26176K,   0% used [0x12e70000, 0x12e70000, 0x14800000)
 concurrent mark-sweep generation total 786432K, used 110560K [0x14800000, 0x44800000, 0x44800000)
 Metaspace       used 22789K, capacity 23014K, committed 23168K, reserved 23936K
Event: 76.335 GC heap after
Heap after GC invocations=23 (full 15):
 par new generation   total 235968K, used 20662K [0x04800000, 0x14800000, 0x14800000)
  eden space 209792K,   0% used [0x04800000, 0x04800000, 0x114e0000)
  from space 26176K,  78% used [0x12e70000, 0x1429d8d8, 0x14800000)
  to   space 26176K,   0% used [0x114e0000, 0x114e0000, 0x12e70000)
 concurrent mark-sweep generation total 786432K, used 117263K [0x14800000, 0x44800000, 0x44800000)
 Metaspace       used 22789K, capacity 23014K, committed 23168K, reserved 23936K
}

