# JRE version: Java(TM) SE Runtime Environment (8.0_112-b15) (build 1.8.0_112-b15)
# Java VM: Java HotSpot(TM) Client VM (25.112-b15 mixed mode windows-x86 )
Heap:
 par new generation   total 235968K, used 111498K [0x04800000, 0x14800000, 0x14800000)
  eden space 209792K,  46% used [0x04800000, 0x0a724ee0, 0x114e0000)
  from space 26176K,  53% used [0x12e70000, 0x13c2dc20, 0x14800000)
  to   space 26176K,   0% used [0x114e0000, 0x114e0000, 0x12e70000)
 concurrent mark-sweep generation total 786432K, used 109825K [0x14800000, 0x44800000, 0x44800000)
 Metaspace       used 22820K, capacity 23065K, committed 23168K, reserved 23936K
GC Heap History (10 events):
Event: 63.652 GC heap before
{Heap before GC invocations=20 (full 11):
 par new generation   total 235968K, used 227377K [0x04800000, 0x14800000, 0x14800000)
  eden space 209792K,  99% used [0x04800000, 0x114d3570, 0x114e0000)
  from space 26176K,  67% used [0x114e0000, 0x12618ec8, 0x12e70000)
  to   space 26176K,   0% used [0x12e70000, 0x12e70000, 0x14800000)
 concurrent mark-sweep generation total 786432K, used 124351K [0x14800000, 0x44800000, 0x44800000)
 Metaspace       used 22720K, capacity 22967K, committed 23040K, reserved 23936K
Event: 63.658 GC heap after
Heap after GC invocations=21 (full 11):
 par new generation   total 235968K, used 18954K [0x04800000, 0x14800000, 0x14800000)
  eden space 209792K,   0% used [0x04800000, 0x04800000, 0x114e0000)
  from space 26176K,  72% used [0x12e70000, 0x140f2838, 0x14800000)
  to   space 26176K,   0% used [0x114e0000, 0x114e0000, 0x12e70000)
 concurrent mark-sweep generation total 786432K, used 127066K [0x14800000, 0x44800000, 0x44800000)
 Metaspace       used 22720K, capacity 22967K, committed 23040K, reserved 23936K
}
Event: 76.943 GC heap before
{Heap before GC invocations=21 (full 11):
 par new generation   total 235968K, used 228748K [0x04800000, 0x14800000, 0x14800000)
  eden space 209792K, 100% used [0x04800000, 0x114e0000, 0x114e0000)
  from space 26176K,  72% used [0x12e70000, 0x140f3308, 0x14800000)
  to   space 26176K,   0% used [0x114e0000, 0x114e0000, 0x12e70000)
 concurrent mark-sweep generation total 786432K, used 120242K [0x14800000, 0x44800000, 0x44800000)
 Metaspace       used 22773K, capacity 22999K, committed 23168K, reserved 23936K
Event: 76.950 GC heap after
Heap after GC invocations=22 (full 11):
 par new generation   total 235968K, used 20072K [0x04800000, 0x14800000, 0x14800000)
  eden space 209792K,   0% used [0x04800000, 0x04800000, 0x114e0000)
  from space 26176K,  76% used [0x114e0000, 0x1287a048, 0x12e70000)
  to   space 26176K,   0% used [0x12e70000, 0x12e70000, 0x14800000)
 concurrent mark-sweep generation total 786432K, used 120499K [0x14800000, 0x44800000, 0x44800000)
 Metaspace       used 22773K, capacity 22999K, committed 23168K, reserved 23936K
}
Event: 76.950 GC heap before
{Heap before GC invocations=22 (full 11):
 par new generation   total 235968K, used 21456K [0x04800000, 0x14800000, 0x14800000)
  eden space 209792K,   0% used [0x04800000, 0x0495a278, 0x114e0000)
  from space 26176K,  76% used [0x114e0000, 0x1287a048, 0x12e70000)
  to   space 26176K,   0% used [0x12e70000, 0x12e70000, 0x14800000)
 concurrent mark-sweep generation total 786432K, used 120499K [0x14800000, 0x44800000, 0x44800000)
 Metaspace       used 22773K, capacity 22999K, committed 23168K, reserved 23936K
Event: 76.957 GC heap after
Heap after GC invocations=23 (full 11):
 par new generation   total 235968K, used 17792K [0x04800000, 0x14800000, 0x14800000)
  eden space 209792K,   0% used [0x04800000, 0x04800000, 0x114e0000)
  from space 26176K,  67% used [0x12e70000, 0x13fd03e0, 0x14800000)
  to   space 26176K,   0% used [0x114e0000, 0x114e0000, 0x12e70000)
 concurrent mark-sweep generation total 786432K, used 124803K [0x14800000, 0x44800000, 0x44800000)
 Metaspace       used 22773K, capacity 22999K, committed 23168K, reserved 23936K
}
Event: 87.994 GC heap before
{Heap before GC invocations=23 (full 12):
 par new generation   total 235968K, used 227584K [0x04800000, 0x14800000, 0x14800000)
  eden space 209792K, 100% used [0x04800000, 0x114e0000, 0x114e0000)
  from space 26176K,  67% used [0x12e70000, 0x13fd03e0, 0x14800000)
  to   space 26176K,   0% used [0x114e0000, 0x114e0000, 0x12e70000)
 concurrent mark-sweep generation total 786432K, used 124803K [0x14800000, 0x44800000, 0x44800000)
 Metaspace       used 22776K, capacity 23001K, committed 23168K, reserved 23936K
Event: 88.000 GC heap after
Heap after GC invocations=24 (full 12):
 par new generation   total 235968K, used 15562K [0x04800000, 0x14800000, 0x14800000)
  eden space 209792K,   0% used [0x04800000, 0x04800000, 0x114e0000)
  from space 26176K,  59% used [0x114e0000, 0x12412980, 0x12e70000)
  to   space 26176K,   0% used [0x12e70000, 0x12e70000, 0x14800000)
 concurrent mark-sweep generation total 786432K, used 124803K [0x14800000, 0x44800000, 0x44800000)
 Metaspace       used 22776K, capacity 23001K, committed 23168K, reserved 23936K
}
Event: 100.145 GC heap before
{Heap before GC invocations=24 (full 12):
 par new generation   total 235968K, used 225354K [0x04800000, 0x14800000, 0x14800000)
  eden space 209792K, 100% used [0x04800000, 0x114e0000, 0x114e0000)
  from space 26176K,  59% used [0x114e0000, 0x12412980, 0x12e70000)
  to   space 26176K,   0% used [0x12e70000, 0x12e70000, 0x14800000)
 concurrent mark-sweep generation total 786432K, used 124803K [0x14800000, 0x44800000, 0x44800000)
 Metaspace       used 22776K, capacity 23001K, committed 23168K, reserved 23936K
Event: 100.150 GC heap after
Heap after GC invocations=25 (full 12):
 par new generation   total 235968K, used 14071K [0x04800000, 0x14800000, 0x14800000)
  eden space 209792K,   0% used [0x04800000, 0x04800000, 0x114e0000)
  from space 26176K,  53% used [0x12e70000, 0x13c2dc20, 0x14800000)
  to   space 26176K,   0% used [0x114e0000, 0x114e0000, 0x12e70000)
 concurrent mark-sweep generation total 786432K, used 124803K [0x14800000, 0x44800000, 0x44800000)
 Metaspace       used 22776K, capacity 23001K, committed 23168K, reserved 23936K
}

