# JRE version: Java(TM) SE Runtime Environment (8.0_112-b15) (build 1.8.0_112-b15)
# Java VM: Java HotSpot(TM) Client VM (25.112-b15 mixed mode windows-x86 )
Heap:
 par new generation   total 235968K, used 88440K [0x04800000, 0x14800000, 0x14800000)
  eden space 209792K,  29% used [0x04800000, 0x084ce050, 0x114e0000)
  from space 26176K, 100% used [0x12e70000, 0x14800000, 0x14800000)
  to   space 26176K,   0% used [0x114e0000, 0x114e0000, 0x12e70000)
 concurrent mark-sweep generation total 786432K, used 192353K [0x14800000, 0x44800000, 0x44800000)
 Metaspace       used 22770K, capacity 22964K, committed 23040K, reserved 23936K
GC Heap History (10 events):
Event: 79.975 GC heap before
{Heap before GC invocations=18 (full 12):
 par new generation   total 235968K, used 221490K [0x04800000, 0x14800000, 0x14800000)
  eden space 209792K,  93% used [0x04800000, 0x106bc8e0, 0x114e0000)
  from space 26176K, 100% used [0x114e0000, 0x12e70000, 0x12e70000)
  to   space 26176K,   0% used [0x12e70000, 0x12e70000, 0x14800000)
 concurrent mark-sweep generation total 786432K, used 169100K [0x14800000, 0x44800000, 0x44800000)
 Metaspace       used 22679K, capacity 22893K, committed 22912K, reserved 22912K
Event: 79.998 GC heap after
Heap after GC invocations=19 (full 12):
 par new generation   total 235968K, used 23758K [0x04800000, 0x14800000, 0x14800000)
  eden space 209792K,   0% used [0x04800000, 0x04800000, 0x114e0000)
  from space 26176K,  90% used [0x12e70000, 0x145a3b08, 0x14800000)
  to   space 26176K,   0% used [0x114e0000, 0x114e0000, 0x12e70000)
 concurrent mark-sweep generation total 786432K, used 189876K [0x14800000, 0x44800000, 0x44800000)
 Metaspace       used 22679K, capacity 22893K, committed 22912K, reserved 22912K
}
Event: 87.225 GC heap before
{Heap before GC invocations=19 (full 12):
 par new generation   total 235968K, used 217432K [0x04800000, 0x14800000, 0x14800000)
  eden space 209792K,  92% used [0x04800000, 0x105228f0, 0x114e0000)
  from space 26176K,  90% used [0x12e70000, 0x145a3b08, 0x14800000)
  to   space 26176K,   0% used [0x114e0000, 0x114e0000, 0x12e70000)
 concurrent mark-sweep generation total 786432K, used 189876K [0x14800000, 0x44800000, 0x44800000)
 Metaspace       used 22690K, capacity 22925K, committed 23040K, reserved 23936K
Event: 87.230 GC heap after
Heap after GC invocations=20 (full 12):
 par new generation   total 235968K, used 9715K [0x04800000, 0x14800000, 0x14800000)
  eden space 209792K,   0% used [0x04800000, 0x04800000, 0x114e0000)
  from space 26176K,  37% used [0x114e0000, 0x11e5cda8, 0x12e70000)
  to   space 26176K,   0% used [0x12e70000, 0x12e70000, 0x14800000)
 concurrent mark-sweep generation total 786432K, used 189876K [0x14800000, 0x44800000, 0x44800000)
 Metaspace       used 22690K, capacity 22925K, committed 23040K, reserved 23936K
}
Event: 97.708 GC heap before
{Heap before GC invocations=20 (full 12):
 par new generation   total 235968K, used 219507K [0x04800000, 0x14800000, 0x14800000)
  eden space 209792K, 100% used [0x04800000, 0x114e0000, 0x114e0000)
  from space 26176K,  37% used [0x114e0000, 0x11e5cda8, 0x12e70000)
  to   space 26176K,   0% used [0x12e70000, 0x12e70000, 0x14800000)
 concurrent mark-sweep generation total 786432K, used 173248K [0x14800000, 0x44800000, 0x44800000)
 Metaspace       used 22695K, capacity 22925K, committed 23040K, reserved 23936K
Event: 97.712 GC heap after
Heap after GC invocations=21 (full 12):
 par new generation   total 235968K, used 8406K [0x04800000, 0x14800000, 0x14800000)
  eden space 209792K,   0% used [0x04800000, 0x04800000, 0x114e0000)
  from space 26176K,  32% used [0x12e70000, 0x136a5800, 0x14800000)
  to   space 26176K,   0% used [0x114e0000, 0x114e0000, 0x12e70000)
 concurrent mark-sweep generation total 786432K, used 173248K [0x14800000, 0x44800000, 0x44800000)
 Metaspace       used 22695K, capacity 22925K, committed 23040K, reserved 23936K
}
Event: 106.261 GC heap before
{Heap before GC invocations=21 (full 13):
 par new generation   total 235968K, used 218198K [0x04800000, 0x14800000, 0x14800000)
  eden space 209792K, 100% used [0x04800000, 0x114e0000, 0x114e0000)
  from space 26176K,  32% used [0x12e70000, 0x136a5800, 0x14800000)
  to   space 26176K,   0% used [0x114e0000, 0x114e0000, 0x12e70000)
 concurrent mark-sweep generation total 786432K, used 173248K [0x14800000, 0x44800000, 0x44800000)
 Metaspace       used 22721K, capacity 22932K, committed 23040K, reserved 23936K
Event: 106.283 GC heap after
Heap after GC invocations=22 (full 13):
 par new generation   total 235968K, used 19068K [0x04800000, 0x14800000, 0x14800000)
  eden space 209792K,   0% used [0x04800000, 0x04800000, 0x114e0000)
  from space 26176K,  72% used [0x114e0000, 0x1277f3e8, 0x12e70000)
  to   space 26176K,   0% used [0x12e70000, 0x12e70000, 0x14800000)
 concurrent mark-sweep generation total 786432K, used 173248K [0x14800000, 0x44800000, 0x44800000)
 Metaspace       used 22721K, capacity 22932K, committed 23040K, reserved 23936K
}
Event: 113.997 GC heap before
{Heap before GC invocations=22 (full 13):
 par new generation   total 235968K, used 235968K [0x04800000, 0x14800000, 0x14800000)
  eden space 209792K, 100% used [0x04800000, 0x114e0000, 0x114e0000)
  from space 26176K, 100% used [0x114e0000, 0x12e70000, 0x12e70000)
  to   space 26176K,   0% used [0x12e70000, 0x12e70000, 0x14800000)
 concurrent mark-sweep generation total 786432K, used 188565K [0x14800000, 0x44800000, 0x44800000)
 Metaspace       used 22770K, capacity 22964K, committed 23040K, reserved 23936K
Event: 114.012 GC heap after
Heap after GC invocations=23 (full 13):
 par new generation   total 235968K, used 26176K [0x04800000, 0x14800000, 0x14800000)
  eden space 209792K,   0% used [0x04800000, 0x04800000, 0x114e0000)
  from space 26176K, 100% used [0x12e70000, 0x14800000, 0x14800000)
  to   space 26176K,   0% used [0x114e0000, 0x114e0000, 0x12e70000)
 concurrent mark-sweep generation total 786432K, used 192353K [0x14800000, 0x44800000, 0x44800000)
 Metaspace       used 22770K, capacity 22964K, committed 23040K, reserved 23936K
}

