# JRE version: Java(TM) SE Runtime Environment (8.0_71-b15) (build 1.8.0_71-b15)
# Java VM: Java HotSpot(TM) Client VM (25.71-b15 mixed mode windows-x86 )
Heap:
 par new generation   total 235968K, used 4128K [0x04a00000, 0x14a00000, 0x14a00000)
  eden space 209792K,   1% used [0x04a00000, 0x04e080b0, 0x116e0000)
  from space 26176K,   0% used [0x13070000, 0x13070000, 0x14a00000)
  to   space 26176K,   0% used [0x116e0000, 0x116e0000, 0x13070000)
 concurrent mark-sweep generation total 786432K, used 138522K [0x14a00000, 0x44a00000, 0x44a00000)
 Metaspace       used 22885K, capacity 23110K, committed 23296K, reserved 23936K
GC Heap History (10 events):
Event: 610.331 GC heap before
{Heap before GC invocations=62 (full 13):
 par new generation   total 235968K, used 225789K [0x04a00000, 0x14a00000, 0x14a00000)
  eden space 209792K, 100% used [0x04a00000, 0x116e0000, 0x116e0000)
  from space 26176K,  61% used [0x13070000, 0x1400f558, 0x14a00000)
  to   space 26176K,   0% used [0x116e0000, 0x116e0000, 0x13070000)
 concurrent mark-sweep generation total 786432K, used 214177K [0x14a00000, 0x44a00000, 0x44a00000)
 Metaspace       used 22860K, capacity 23110K, committed 23296K, reserved 23936K
Event: 610.337 GC heap after
Heap after GC invocations=63 (full 13):
 par new generation   total 235968K, used 18257K [0x04a00000, 0x14a00000, 0x14a00000)
  eden space 209792K,   0% used [0x04a00000, 0x04a00000, 0x116e0000)
  from space 26176K,  69% used [0x116e0000, 0x128b46b8, 0x13070000)
  to   space 26176K,   0% used [0x13070000, 0x13070000, 0x14a00000)
 concurrent mark-sweep generation total 786432K, used 214177K [0x14a00000, 0x44a00000, 0x44a00000)
 Metaspace       used 22860K, capacity 23110K, committed 23296K, reserved 23936K
}
Event: 620.783 GC heap before
{Heap before GC invocations=63 (full 13):
 par new generation   total 235968K, used 227977K [0x04a00000, 0x14a00000, 0x14a00000)
  eden space 209792K,  99% used [0x04a00000, 0x116cdfa8, 0x116e0000)
  from space 26176K,  69% used [0x116e0000, 0x128b46b8, 0x13070000)
  to   space 26176K,   0% used [0x13070000, 0x13070000, 0x14a00000)
 concurrent mark-sweep generation total 786432K, used 214177K [0x14a00000, 0x44a00000, 0x44a00000)
 Metaspace       used 22860K, capacity 23110K, committed 23296K, reserved 23936K
Event: 620.789 GC heap after
Heap after GC invocations=64 (full 13):
 par new generation   total 235968K, used 16917K [0x04a00000, 0x14a00000, 0x14a00000)
  eden space 209792K,   0% used [0x04a00000, 0x04a00000, 0x116e0000)
  from space 26176K,  64% used [0x13070000, 0x140f5400, 0x14a00000)
  to   space 26176K,   0% used [0x116e0000, 0x116e0000, 0x13070000)
 concurrent mark-sweep generation total 786432K, used 215602K [0x14a00000, 0x44a00000, 0x44a00000)
 Metaspace       used 22860K, capacity 23110K, committed 23296K, reserved 23936K
}
Event: 632.623 GC heap before
{Heap before GC invocations=64 (full 13):
 par new generation   total 235968K, used 226709K [0x04a00000, 0x14a00000, 0x14a00000)
  eden space 209792K, 100% used [0x04a00000, 0x116e0000, 0x116e0000)
  from space 26176K,  64% used [0x13070000, 0x140f5400, 0x14a00000)
  to   space 26176K,   0% used [0x116e0000, 0x116e0000, 0x13070000)
 concurrent mark-sweep generation total 786432K, used 215602K [0x14a00000, 0x44a00000, 0x44a00000)
 Metaspace       used 22860K, capacity 23110K, committed 23296K, reserved 23936K
Event: 632.629 GC heap after
Heap after GC invocations=65 (full 13):
 par new generation   total 235968K, used 18213K [0x04a00000, 0x14a00000, 0x14a00000)
  eden space 209792K,   0% used [0x04a00000, 0x04a00000, 0x116e0000)
  from space 26176K,  69% used [0x116e0000, 0x128a96d0, 0x13070000)
  to   space 26176K,   0% used [0x13070000, 0x13070000, 0x14a00000)
 concurrent mark-sweep generation total 786432K, used 215602K [0x14a00000, 0x44a00000, 0x44a00000)
 Metaspace       used 22860K, capacity 23110K, committed 23296K, reserved 23936K
}
Event: 644.683 GC heap before
{Heap before GC invocations=65 (full 13):
 par new generation   total 235968K, used 228005K [0x04a00000, 0x14a00000, 0x14a00000)
  eden space 209792K, 100% used [0x04a00000, 0x116e0000, 0x116e0000)
  from space 26176K,  69% used [0x116e0000, 0x128a96d0, 0x13070000)
  to   space 26176K,   0% used [0x13070000, 0x13070000, 0x14a00000)
 concurrent mark-sweep generation total 786432K, used 215602K [0x14a00000, 0x44a00000, 0x44a00000)
 Metaspace       used 22860K, capacity 23110K, committed 23296K, reserved 23936K
Event: 644.689 GC heap after
Heap after GC invocations=66 (full 13):
 par new generation   total 235968K, used 16627K [0x04a00000, 0x14a00000, 0x14a00000)
  eden space 209792K,   0% used [0x04a00000, 0x04a00000, 0x116e0000)
  from space 26176K,  63% used [0x13070000, 0x140acfd8, 0x14a00000)
  to   space 26176K,   0% used [0x116e0000, 0x116e0000, 0x13070000)
 concurrent mark-sweep generation total 786432K, used 219018K [0x14a00000, 0x44a00000, 0x44a00000)
 Metaspace       used 22860K, capacity 23110K, committed 23296K, reserved 23936K
}
Event: 650.543 GC heap before
{Heap before GC invocations=66 (full 13):
 par new generation   total 235968K, used 115231K [0x04a00000, 0x14a00000, 0x14a00000)
  eden space 209792K,  47% used [0x04a00000, 0x0aa4b000, 0x116e0000)
  from space 26176K,  63% used [0x13070000, 0x140acfd8, 0x14a00000)
  to   space 26176K,   0% used [0x116e0000, 0x116e0000, 0x13070000)
 concurrent mark-sweep generation total 786432K, used 219018K [0x14a00000, 0x44a00000, 0x44a00000)
 Metaspace       used 22882K, capacity 23110K, committed 23296K, reserved 23936K
Event: 650.700 GC heap after
Heap after GC invocations=67 (full 14):
 par new generation   total 235968K, used 0K [0x04a00000, 0x14a00000, 0x14a00000)
  eden space 209792K,   0% used [0x04a00000, 0x04a00000, 0x116e0000)
  from space 26176K,   0% used [0x13070000, 0x13070000, 0x14a00000)
  to   space 26176K,   0% used [0x116e0000, 0x116e0000, 0x13070000)
 concurrent mark-sweep generation total 786432K, used 138522K [0x14a00000, 0x44a00000, 0x44a00000)
 Metaspace       used 22882K, capacity 23110K, committed 23296K, reserved 23936K
}

