# JRE version: Java(TM) SE Runtime Environment (8.0_112-b15) (build 1.8.0_112-b15)
# Java VM: Java HotSpot(TM) Client VM (25.112-b15 mixed mode windows-x86 )
Heap:
 par new generation   total 235968K, used 4011K [0x04a00000, 0x14a00000, 0x14a00000)
  eden space 209792K,   1% used [0x04a00000, 0x04dead80, 0x116e0000)
  from space 26176K,   0% used [0x116e0000, 0x116e0000, 0x13070000)
  to   space 26176K,   0% used [0x13070000, 0x13070000, 0x14a00000)
 concurrent mark-sweep generation total 786432K, used 121734K [0x14a00000, 0x44a00000, 0x44a00000)
 Metaspace       used 22888K, capacity 23105K, committed 23168K, reserved 23936K
GC Heap History (10 events):
Event: 375.985 GC heap before
{Heap before GC invocations=50 (full 14):
 par new generation   total 235968K, used 219858K [0x04a00000, 0x14a00000, 0x14a00000)
  eden space 209792K, 100% used [0x04a00000, 0x116e0000, 0x116e0000)
  from space 26176K,  38% used [0x116e0000, 0x120b4a30, 0x13070000)
  to   space 26176K,   0% used [0x13070000, 0x13070000, 0x14a00000)
 concurrent mark-sweep generation total 786432K, used 130800K [0x14a00000, 0x44a00000, 0x44a00000)
 Metaspace       used 22867K, capacity 23105K, committed 23168K, reserved 23936K
Event: 375.990 GC heap after
Heap after GC invocations=51 (full 14):
 par new generation   total 235968K, used 12759K [0x04a00000, 0x14a00000, 0x14a00000)
  eden space 209792K,   0% used [0x04a00000, 0x04a00000, 0x116e0000)
  from space 26176K,  48% used [0x13070000, 0x13ce5cc0, 0x14a00000)
  to   space 26176K,   0% used [0x116e0000, 0x116e0000, 0x13070000)
 concurrent mark-sweep generation total 786432K, used 131017K [0x14a00000, 0x44a00000, 0x44a00000)
 Metaspace       used 22867K, capacity 23105K, committed 23168K, reserved 23936K
}
Event: 389.599 GC heap before
{Heap before GC invocations=51 (full 14):
 par new generation   total 235968K, used 222551K [0x04a00000, 0x14a00000, 0x14a00000)
  eden space 209792K, 100% used [0x04a00000, 0x116e0000, 0x116e0000)
  from space 26176K,  48% used [0x13070000, 0x13ce5cc0, 0x14a00000)
  to   space 26176K,   0% used [0x116e0000, 0x116e0000, 0x13070000)
 concurrent mark-sweep generation total 786432K, used 131017K [0x14a00000, 0x44a00000, 0x44a00000)
 Metaspace       used 22867K, capacity 23105K, committed 23168K, reserved 23936K
Event: 389.603 GC heap after
Heap after GC invocations=52 (full 14):
 par new generation   total 235968K, used 12711K [0x04a00000, 0x14a00000, 0x14a00000)
  eden space 209792K,   0% used [0x04a00000, 0x04a00000, 0x116e0000)
  from space 26176K,  48% used [0x116e0000, 0x12349d80, 0x13070000)
  to   space 26176K,   0% used [0x13070000, 0x13070000, 0x14a00000)
 concurrent mark-sweep generation total 786432K, used 132148K [0x14a00000, 0x44a00000, 0x44a00000)
 Metaspace       used 22867K, capacity 23105K, committed 23168K, reserved 23936K
}
Event: 401.889 GC heap before
{Heap before GC invocations=52 (full 14):
 par new generation   total 235968K, used 222503K [0x04a00000, 0x14a00000, 0x14a00000)
  eden space 209792K, 100% used [0x04a00000, 0x116e0000, 0x116e0000)
  from space 26176K,  48% used [0x116e0000, 0x12349d80, 0x13070000)
  to   space 26176K,   0% used [0x13070000, 0x13070000, 0x14a00000)
 concurrent mark-sweep generation total 786432K, used 132148K [0x14a00000, 0x44a00000, 0x44a00000)
 Metaspace       used 22867K, capacity 23105K, committed 23168K, reserved 23936K
Event: 401.894 GC heap after
Heap after GC invocations=53 (full 14):
 par new generation   total 235968K, used 14524K [0x04a00000, 0x14a00000, 0x14a00000)
  eden space 209792K,   0% used [0x04a00000, 0x04a00000, 0x116e0000)
  from space 26176K,  55% used [0x13070000, 0x13e9f110, 0x14a00000)
  to   space 26176K,   0% used [0x116e0000, 0x116e0000, 0x13070000)
 concurrent mark-sweep generation total 786432K, used 132150K [0x14a00000, 0x44a00000, 0x44a00000)
 Metaspace       used 22867K, capacity 23105K, committed 23168K, reserved 23936K
}
Event: 414.398 GC heap before
{Heap before GC invocations=53 (full 14):
 par new generation   total 235968K, used 224316K [0x04a00000, 0x14a00000, 0x14a00000)
  eden space 209792K, 100% used [0x04a00000, 0x116e0000, 0x116e0000)
  from space 26176K,  55% used [0x13070000, 0x13e9f110, 0x14a00000)
  to   space 26176K,   0% used [0x116e0000, 0x116e0000, 0x13070000)
 concurrent mark-sweep generation total 786432K, used 132150K [0x14a00000, 0x44a00000, 0x44a00000)
 Metaspace       used 22867K, capacity 23105K, committed 23168K, reserved 23936K
Event: 414.402 GC heap after
Heap after GC invocations=54 (full 14):
 par new generation   total 235968K, used 7793K [0x04a00000, 0x14a00000, 0x14a00000)
  eden space 209792K,   0% used [0x04a00000, 0x04a00000, 0x116e0000)
  from space 26176K,  29% used [0x116e0000, 0x11e7c5e8, 0x13070000)
  to   space 26176K,   0% used [0x13070000, 0x13070000, 0x14a00000)
 concurrent mark-sweep generation total 786432K, used 133011K [0x14a00000, 0x44a00000, 0x44a00000)
 Metaspace       used 22867K, capacity 23105K, committed 23168K, reserved 23936K
}
Event: 424.135 GC heap before
{Heap before GC invocations=54 (full 14):
 par new generation   total 235968K, used 183025K [0x04a00000, 0x14a00000, 0x14a00000)
  eden space 209792K,  83% used [0x04a00000, 0x0f5201d0, 0x116e0000)
  from space 26176K,  29% used [0x116e0000, 0x11e7c5e8, 0x13070000)
  to   space 26176K,   0% used [0x13070000, 0x13070000, 0x14a00000)
 concurrent mark-sweep generation total 786432K, used 133011K [0x14a00000, 0x44a00000, 0x44a00000)
 Metaspace       used 22884K, capacity 23105K, committed 23168K, reserved 23936K
Event: 424.292 GC heap after
Heap after GC invocations=55 (full 15):
 par new generation   total 235968K, used 0K [0x04a00000, 0x14a00000, 0x14a00000)
  eden space 209792K,   0% used [0x04a00000, 0x04a00000, 0x116e0000)
  from space 26176K,   0% used [0x116e0000, 0x116e0000, 0x13070000)
  to   space 26176K,   0% used [0x13070000, 0x13070000, 0x14a00000)
 concurrent mark-sweep generation total 786432K, used 121734K [0x14a00000, 0x44a00000, 0x44a00000)
 Metaspace       used 22884K, capacity 23105K, committed 23168K, reserved 23936K
}

