# JRE version: Java(TM) SE Runtime Environment (8.0_112-b15) (build 1.8.0_112-b15)
# Java VM: Java HotSpot(TM) Client VM (25.112-b15 mixed mode windows-x86 )
Heap:
 par new generation   total 235968K, used 199728K [0x04a00000, 0x14a00000, 0x14a00000)
  eden space 209792K,  87% used [0x04a00000, 0x0fce2730, 0x116e0000)
  from space 26176K,  63% used [0x116e0000, 0x12709bb8, 0x13070000)
  to   space 26176K,   0% used [0x13070000, 0x13070000, 0x14a00000)
 concurrent mark-sweep generation total 786432K, used 122496K [0x14a00000, 0x44a00000, 0x44a00000)
 Metaspace       used 22671K, capacity 22903K, committed 23040K, reserved 23936K
GC Heap History (10 events):
Event: 52.297 GC heap before
{Heap before GC invocations=15 (full 10):
 par new generation   total 235968K, used 217610K [0x04a00000, 0x14a00000, 0x14a00000)
  eden space 209792K,  92% used [0x04a00000, 0x1084dfe8, 0x116e0000)
  from space 26176K,  86% used [0x13070000, 0x146a48c0, 0x14a00000)
  to   space 26176K,   0% used [0x116e0000, 0x116e0000, 0x13070000)
 concurrent mark-sweep generation total 786432K, used 104672K [0x14a00000, 0x44a00000, 0x44a00000)
 Metaspace       used 22546K, capacity 22802K, committed 22912K, reserved 22912K
Event: 52.304 GC heap after
Heap after GC invocations=16 (full 10):
 par new generation   total 235968K, used 25182K [0x04a00000, 0x14a00000, 0x14a00000)
  eden space 209792K,   0% used [0x04a00000, 0x04a00000, 0x116e0000)
  from space 26176K,  96% used [0x116e0000, 0x12f77b50, 0x13070000)
  to   space 26176K,   0% used [0x13070000, 0x13070000, 0x14a00000)
 concurrent mark-sweep generation total 786432K, used 104672K [0x14a00000, 0x44a00000, 0x44a00000)
 Metaspace       used 22546K, capacity 22802K, committed 22912K, reserved 22912K
}
Event: 58.111 GC heap before
{Heap before GC invocations=16 (full 11):
 par new generation   total 235968K, used 234974K [0x04a00000, 0x14a00000, 0x14a00000)
  eden space 209792K, 100% used [0x04a00000, 0x116e0000, 0x116e0000)
  from space 26176K,  96% used [0x116e0000, 0x12f77b50, 0x13070000)
  to   space 26176K,   0% used [0x13070000, 0x13070000, 0x14a00000)
 concurrent mark-sweep generation total 786432K, used 104672K [0x14a00000, 0x44a00000, 0x44a00000)
 Metaspace       used 22575K, capacity 22834K, committed 22912K, reserved 22912K
Event: 58.123 GC heap after
Heap after GC invocations=17 (full 11):
 par new generation   total 235968K, used 22582K [0x04a00000, 0x14a00000, 0x14a00000)
  eden space 209792K,   0% used [0x04a00000, 0x04a00000, 0x116e0000)
  from space 26176K,  86% used [0x13070000, 0x1467d898, 0x14a00000)
  to   space 26176K,   0% used [0x116e0000, 0x116e0000, 0x13070000)
 concurrent mark-sweep generation total 786432K, used 114900K [0x14a00000, 0x44a00000, 0x44a00000)
 Metaspace       used 22575K, capacity 22834K, committed 22912K, reserved 22912K
}
Event: 66.572 GC heap before
{Heap before GC invocations=17 (full 11):
 par new generation   total 235968K, used 232374K [0x04a00000, 0x14a00000, 0x14a00000)
  eden space 209792K, 100% used [0x04a00000, 0x116e0000, 0x116e0000)
  from space 26176K,  86% used [0x13070000, 0x1467d898, 0x14a00000)
  to   space 26176K,   0% used [0x116e0000, 0x116e0000, 0x13070000)
 concurrent mark-sweep generation total 786432K, used 114900K [0x14a00000, 0x44a00000, 0x44a00000)
 Metaspace       used 22601K, capacity 22834K, committed 22912K, reserved 22912K
Event: 66.581 GC heap after
Heap after GC invocations=18 (full 11):
 par new generation   total 235968K, used 16728K [0x04a00000, 0x14a00000, 0x14a00000)
  eden space 209792K,   0% used [0x04a00000, 0x04a00000, 0x116e0000)
  from space 26176K,  63% used [0x116e0000, 0x127362a0, 0x13070000)
  to   space 26176K,   0% used [0x13070000, 0x13070000, 0x14a00000)
 concurrent mark-sweep generation total 786432K, used 123924K [0x14a00000, 0x44a00000, 0x44a00000)
 Metaspace       used 22601K, capacity 22834K, committed 22912K, reserved 22912K
}
Event: 76.761 GC heap before
{Heap before GC invocations=18 (full 11):
 par new generation   total 235968K, used 226520K [0x04a00000, 0x14a00000, 0x14a00000)
  eden space 209792K, 100% used [0x04a00000, 0x116e0000, 0x116e0000)
  from space 26176K,  63% used [0x116e0000, 0x127362a0, 0x13070000)
  to   space 26176K,   0% used [0x13070000, 0x13070000, 0x14a00000)
 concurrent mark-sweep generation total 786432K, used 122496K [0x14a00000, 0x44a00000, 0x44a00000)
 Metaspace       used 22604K, capacity 22834K, committed 22912K, reserved 22912K
Event: 76.765 GC heap after
Heap after GC invocations=19 (full 11):
 par new generation   total 235968K, used 13134K [0x04a00000, 0x14a00000, 0x14a00000)
  eden space 209792K,   0% used [0x04a00000, 0x04a00000, 0x116e0000)
  from space 26176K,  50% used [0x13070000, 0x13d439a8, 0x14a00000)
  to   space 26176K,   0% used [0x116e0000, 0x116e0000, 0x13070000)
 concurrent mark-sweep generation total 786432K, used 122496K [0x14a00000, 0x44a00000, 0x44a00000)
 Metaspace       used 22604K, capacity 22834K, committed 22912K, reserved 22912K
}
Event: 86.508 GC heap before
{Heap before GC invocations=19 (full 12):
 par new generation   total 235968K, used 222926K [0x04a00000, 0x14a00000, 0x14a00000)
  eden space 209792K, 100% used [0x04a00000, 0x116e0000, 0x116e0000)
  from space 26176K,  50% used [0x13070000, 0x13d439a8, 0x14a00000)
  to   space 26176K,   0% used [0x116e0000, 0x116e0000, 0x13070000)
 concurrent mark-sweep generation total 786432K, used 122496K [0x14a00000, 0x44a00000, 0x44a00000)
 Metaspace       used 22622K, capacity 22834K, committed 22912K, reserved 22912K
Event: 86.513 GC heap after
Heap after GC invocations=20 (full 12):
 par new generation   total 235968K, used 16550K [0x04a00000, 0x14a00000, 0x14a00000)
  eden space 209792K,   0% used [0x04a00000, 0x04a00000, 0x116e0000)
  from space 26176K,  63% used [0x116e0000, 0x12709bb8, 0x13070000)
  to   space 26176K,   0% used [0x13070000, 0x13070000, 0x14a00000)
 concurrent mark-sweep generation total 786432K, used 122496K [0x14a00000, 0x44a00000, 0x44a00000)
 Metaspace       used 22622K, capacity 22834K, committed 22912K, reserved 22912K
}

